<?xml version="1.0" encoding="UTF-8"?>
<!-- Generated by org.testng.reporters.JUnitReportReporter -->
<testsuite hostname="Navaishu" failures="0" tests="1" name="selenium.Assignment" time="7.356" errors="0" timestamp="2023-11-18T16:29:34 IST" skipped="0">
  <testcase classname="selenium.Assignment" name="tableValidate" time="7.356"/>
  <system-out/>
</testsuite> <!-- selenium.Assignment -->
