<?xml version="1.0" encoding="UTF-8"?>
<!-- Generated by org.testng.reporters.JUnitReportReporter -->
<testsuite hostname="Navaishu" failures="0" tests="1" name="selenium_practice2.Assignment1" time="7.382" errors="0" timestamp="2023-11-18T16:50:28 IST" skipped="0">
  <testcase classname="selenium_practice2.Assignment1" name="tableValidate" time="7.382"/>
  <system-out/>
</testsuite> <!-- selenium_practice2.Assignment1 -->
