<?xml version="1.0" encoding="UTF-8"?>
<!-- Generated by org.testng.reporters.JUnitReportReporter -->
<testsuite hostname="Navaishu" failures="0" tests="1" name="selenium.Assignment1" time="7.558" errors="0" timestamp="2023-11-18T14:16:42 IST" skipped="0">
  <testcase classname="selenium.Assignment1" name="tableValidate" time="7.558"/>
  <system-out/>
</testsuite> <!-- selenium.Assignment1 -->
